<?xml version="1.0" encoding="UTF-8"?>
<!-- Generated by org.testng.reporters.JUnitXMLReporter -->
<testsuite hostname="DESKTOP-T3O7D1B" ignored="0" name="Default test" tests="4" failures="0" timestamp="16 Mar 2023 06:36:50 GMT" time="0.112" errors="0">
  <testcase name="ArrayDemo1" time="0.003" classname="javastreams.StreamsDemo"/>
  <testcase name="stream2Map" time="0.063" classname="javastreams.StreamsDemo"/>
  <testcase name="streamcollect" time="0.0" classname="javastreams.StreamsDemo"/>
  <testcase name="testStream" time="0.015" classname="javastreams.StreamsDemo"/>
</testsuite> <!-- Default test -->
